<?xml version="1.0" encoding="UTF-8"?>
<robot generator="Robot 3.1.2 (Python 3.7.9 on win32)" generated="20210913 09:43:42.948" rpa="false">
<suite id="s1" name="SAPGUITst" source="C:\Testing\workspace\SAPGUITst">
<suite id="s1-s1" name="SapLogon" source="C:\Testing\workspace\SAPGUITst\SapLogon.robot">
<test id="s1-s1-t1" name="GUITesting">
<kw name="Log" library="BuiltIn">
<doc>Logs the given message with the given level.</doc>
<arguments>
<arg>HelloWorld</arg>
</arguments>
<msg timestamp="20210913 09:43:43.176" level="INFO">HelloWorld</msg>
<status status="PASS" starttime="20210913 09:43:43.175" endtime="20210913 09:43:43.176"></status>
</kw>
<kw name="Open Application" library="AppiumLibrary">
<doc>Opens a new application to given Appium server.
Capabilities of appium server, Android and iOS,
Please check https://github.com/appium/appium/blob/master/docs/en/writing-running-appium/server-args.md
| *Option*            | *Man.* | *Description*     |
| remote_url          | Yes    | Appium server url |
| alias               | no     | alias             |</doc>
<arguments>
<arg>http://127.0.0.1:4723</arg>
<arg>platformName=Windows</arg>
<arg>deviceName=WindowsPC</arg>
<arg>app=C:\\Program Files (x86)\\SAP\\FrontEnd\\SapGui\\saplogon.exe</arg>
</arguments>
<status status="PASS" starttime="20210913 09:43:43.176" endtime="20210913 09:43:46.668"></status>
</kw>
<kw name="Connect To Session" library="SapGuiLibrary">
<doc>Connects to an open session SAP.</doc>
<status status="PASS" starttime="20210913 09:43:46.668" endtime="20210913 09:43:46.688"></status>
</kw>
<kw name="Open Connection" library="SapGuiLibrary">
<doc>Opens a connection to the given connection name. Be sure to provide the full connection name, including the bracket part.</doc>
<arguments>
<arg>PSQ Vestel ERP Kalite</arg>
</arguments>
<status status="PASS" starttime="20210913 09:43:46.688" endtime="20210913 09:43:47.206"></status>
</kw>
<kw name="Input Text" library="SapGuiLibrary">
<doc>Inserts the given text into the text field identified by locator.
Use keyword `input password` to insert a password in a text field.</doc>
<arguments>
<arg>/app/con[0]/ses[0]/wnd[0]/usr/txtRSYST-BNAME</arg>
<arg>serkanaks</arg>
</arguments>
<msg timestamp="20210913 09:43:47.250" level="INFO">Typing text 'serkanaks' into text field '/app/con[0]/ses[0]/wnd[0]/usr/txtRSYST-BNAME'.</msg>
<status status="PASS" starttime="20210913 09:43:47.206" endtime="20210913 09:43:47.251"></status>
</kw>
<kw name="Input Password" library="SapGuiLibrary">
<doc>Inserts the given password into the text field identified by locator.
The password is not recorded in the log.</doc>
<arguments>
<arg>/app/con[0]/ses[0]/wnd[0]/usr/pwdRSYST-BCODE</arg>
<arg>Zorlu.5357</arg>
</arguments>
<msg timestamp="20210913 09:43:47.256" level="INFO">Typing password into text field '/app/con[0]/ses[0]/wnd[0]/usr/pwdRSYST-BCODE'.</msg>
<status status="PASS" starttime="20210913 09:43:47.251" endtime="20210913 09:43:47.256"></status>
</kw>
<kw name="Input Text" library="SapGuiLibrary">
<doc>Inserts the given text into the text field identified by locator.
Use keyword `input password` to insert a password in a text field.</doc>
<arguments>
<arg>/app/con[0]/ses[0]/wnd[0]/usr/txtRSYST-LANGU</arg>
<arg>TR</arg>
</arguments>
<msg timestamp="20210913 09:43:47.259" level="INFO">Typing text 'TR' into text field '/app/con[0]/ses[0]/wnd[0]/usr/txtRSYST-LANGU'.</msg>
<status status="PASS" starttime="20210913 09:43:47.257" endtime="20210913 09:43:47.260"></status>
</kw>
<kw name="Click Element" library="SapGuiLibrary">
<doc>Performs a single click on a given element. Used only for buttons, tabs and menu items.</doc>
<arguments>
<arg>/app/con[0]/ses[0]/wnd[0]/tbar[0]/btn[0]</arg>
</arguments>
<status status="PASS" starttime="20210913 09:43:47.260" endtime="20210913 09:43:47.794"></status>
</kw>
<kw name="Run Transaction" library="SapGuiLibrary">
<doc>Runs a Sap transaction. An error is given when an unknown transaction is specified.</doc>
<arguments>
<arg>se16</arg>
</arguments>
<status status="PASS" starttime="20210913 09:43:47.794" endtime="20210913 09:43:48.094"></status>
</kw>
<kw name="Input Text" library="SapGuiLibrary">
<doc>Inserts the given text into the text field identified by locator.
Use keyword `input password` to insert a password in a text field.</doc>
<arguments>
<arg>/app/con[0]/ses[0]/wnd[0]/usr/ctxtDATABROWSE-TABLENAME</arg>
<arg>zfi_gns_t1000</arg>
</arguments>
<msg timestamp="20210913 09:43:48.101" level="INFO">Typing text 'zfi_gns_t1000' into text field '/app/con[0]/ses[0]/wnd[0]/usr/ctxtDATABROWSE-TABLENAME'.</msg>
<status status="PASS" starttime="20210913 09:43:48.094" endtime="20210913 09:43:48.101"></status>
</kw>
<kw name="Click Element" library="SapGuiLibrary">
<doc>Performs a single click on a given element. Used only for buttons, tabs and menu items.</doc>
<arguments>
<arg>/app/con[0]/ses[0]/wnd[0]/tbar[0]/btn[0]</arg>
</arguments>
<status status="PASS" starttime="20210913 09:43:48.101" endtime="20210913 09:43:48.322"></status>
</kw>
<kw name="Input Text" library="SapGuiLibrary">
<doc>Inserts the given text into the text field identified by locator.
Use keyword `input password` to insert a password in a text field.</doc>
<arguments>
<arg>/app/con[0]/ses[0]/wnd[0]/usr/ctxtI4-LOW</arg>
<arg>09092021</arg>
</arguments>
<msg timestamp="20210913 09:43:48.390" level="INFO">Typing text '09092021' into text field '/app/con[0]/ses[0]/wnd[0]/usr/ctxtI4-LOW'.</msg>
<status status="PASS" starttime="20210913 09:43:48.323" endtime="20210913 09:43:48.391"></status>
</kw>
<kw name="Input Text" library="SapGuiLibrary">
<doc>Inserts the given text into the text field identified by locator.
Use keyword `input password` to insert a password in a text field.</doc>
<arguments>
<arg>/app/con[0]/ses[0]/wnd[0]/usr/txtI30-LOW</arg>
<arg>0064</arg>
</arguments>
<msg timestamp="20210913 09:43:48.403" level="INFO">Typing text '0064' into text field '/app/con[0]/ses[0]/wnd[0]/usr/txtI30-LOW'.</msg>
<status status="PASS" starttime="20210913 09:43:48.391" endtime="20210913 09:43:48.403"></status>
</kw>
<kw name="Click Element" library="SapGuiLibrary">
<doc>Performs a single click on a given element. Used only for buttons, tabs and menu items.</doc>
<arguments>
<arg>/app/con[0]/ses[0]/wnd[0]/tbar[1]/btn[8]</arg>
</arguments>
<status status="PASS" starttime="20210913 09:43:48.403" endtime="20210913 09:43:48.732"></status>
</kw>
<kw name="Click Element" library="SapGuiLibrary">
<doc>Performs a single click on a given element. Used only for buttons, tabs and menu items.</doc>
<arguments>
<arg>/app/con[0]/ses[0]/wnd[0]/tbar[0]/btn[15]</arg>
</arguments>
<status status="PASS" starttime="20210913 09:43:48.733" endtime="20210913 09:43:49.023"></status>
</kw>
<kw name="Input Text" library="SapGuiLibrary">
<doc>Inserts the given text into the text field identified by locator.
Use keyword `input password` to insert a password in a text field.</doc>
<arguments>
<arg>/app/con[0]/ses[0]/wnd[0]/usr/ctxtI4-LOW</arg>
<arg>15092021</arg>
</arguments>
<msg timestamp="20210913 09:43:49.093" level="INFO">Typing text '15092021' into text field '/app/con[0]/ses[0]/wnd[0]/usr/ctxtI4-LOW'.</msg>
<status status="PASS" starttime="20210913 09:43:49.024" endtime="20210913 09:43:49.094"></status>
</kw>
<kw name="Click Element" library="SapGuiLibrary">
<doc>Performs a single click on a given element. Used only for buttons, tabs and menu items.</doc>
<arguments>
<arg>/app/con[0]/ses[0]/wnd[0]/tbar[1]/btn[8]</arg>
</arguments>
<status status="PASS" starttime="20210913 09:43:49.094" endtime="20210913 09:43:49.248"></status>
</kw>
<kw name="Get Value" library="SapGuiLibrary">
<doc>Gets the value of the given element. The possible return values depend on the type of element (see Return values).</doc>
<arguments>
<arg>/app/con[0]/ses[0]/wnd[0]/sbar/pane[0]</arg>
</arguments>
<assign>
<var>${messages}</var>
</assign>
<msg timestamp="20210913 09:43:49.314" level="INFO">${messages} = Bu anahtar ile başlayan bir kayıt bulunamadı</msg>
<status status="PASS" starttime="20210913 09:43:49.249" endtime="20210913 09:43:49.314"></status>
</kw>
<kw name="Click Element" library="SapGuiLibrary">
<doc>Performs a single click on a given element. Used only for buttons, tabs and menu items.</doc>
<arguments>
<arg>/app/con[0]/ses[0]/wnd[0]/tbar[0]/btn[15]</arg>
</arguments>
<status status="PASS" starttime="20210913 09:43:49.315" endtime="20210913 09:43:49.413"></status>
</kw>
<status status="PASS" starttime="20210913 09:43:43.175" endtime="20210913 09:43:49.413" critical="yes"></status>
</test>
<status status="PASS" starttime="20210913 09:43:42.989" endtime="20210913 09:43:49.414"></status>
</suite>
<status status="PASS" starttime="20210913 09:43:42.971" endtime="20210913 09:43:49.415"></status>
</suite>
<statistics>
<total>
<stat pass="1" fail="0">Critical Tests</stat>
<stat pass="1" fail="0">All Tests</stat>
</total>
<tag>
</tag>
<suite>
<stat pass="1" fail="0" id="s1" name="SAPGUITst">SAPGUITst</stat>
<stat pass="1" fail="0" id="s1-s1" name="SapLogon">SAPGUITst.SapLogon</stat>
</suite>
</statistics>
<errors>
</errors>
</robot>
